<?xml version="1.0" encoding="UTF-8"?>
<testsuite xmlns:xsi="http://www.w3.org/2001/XMLSchema-instance" xsi:noNamespaceSchemaLocation="https://maven.apache.org/surefire/maven-surefire-plugin/xsd/surefire-test-report.xsd" version="3.0.2" name="cucumber.RunCucumberTest" time="0.164" tests="1" errors="0" skipped="0" failures="0">
  <properties>
[...]
</properties>
  <testcase name="Is it Friday yet? - Sunday isn&apos;t Friday" classname="RunCucumberTest" time="0.09">
    <system-out><![CDATA[
&amp#27;[1mScenario:&amp#27;[22m Sunday isn't Friday          &amp#27;[90m# classpath:cucumber/is_it_friday_yet.feature:4&amp#27;[39m
  &amp#27;[32mâœ”&amp#27;[39m &amp#27;[32m&amp#27;[1mGiven &amp#27;[22mtoday is Sunday&amp#27;[39m              &amp#27;[90m# cucumber.StepDefinitions.today_is_Sunday()&amp#27;[39m
  &amp#27;[32mâœ”&amp#27;[39m &amp#27;[32m&amp#27;[1mWhen &amp#27;[22mI ask whether it's Friday yet&amp#27;[39m &amp#27;[90m# cucumber.StepDefinitions.i_ask_whether_it_s_Friday_yet()&amp#27;[39m
  &amp#27;[32mâœ”&amp#27;[39m &amp#27;[32m&amp#27;[1mThen &amp#27;[22mI should be told &amp#27;[1m"Nope"&amp#27;[22m&amp#27;[39m       &amp#27;[90m# cucumber.StepDefinitions.i_should_be_told(java.lang.String)&amp#27;[39m
]]></system-out>
  </testcase>
</testsuite>